c:\users\kevin\desktop\gtd_cs\gtd_c\x64\debug\vc142.pdb
c:\users\kevin\desktop\gtd_cs\gtd_c\x64\debug\vc142.idb
c:\users\kevin\desktop\gtd_cs\gtd_c\x64\debug\texturemanager.obj
c:\users\kevin\desktop\gtd_cs\gtd_c\x64\debug\spritegroup.obj
c:\users\kevin\desktop\gtd_cs\gtd_c\x64\debug\sprite.obj
c:\users\kevin\desktop\gtd_cs\gtd_c\x64\debug\pc.obj
c:\users\kevin\desktop\gtd_cs\gtd_c\x64\debug\npc.obj
c:\users\kevin\desktop\gtd_cs\gtd_c\x64\debug\main.obj
c:\users\kevin\desktop\gtd_cs\gtd_c\x64\debug\leveltrigger.obj
c:\users\kevin\desktop\gtd_cs\gtd_c\x64\debug\leveltile.obj
c:\users\kevin\desktop\gtd_cs\gtd_c\x64\debug\level.obj
c:\users\kevin\desktop\gtd_cs\gtd_c\x64\debug\game.obj
c:\users\kevin\desktop\gtd_cs\gtd_c\x64\debug\controller.obj
c:\users\kevin\desktop\gtd_cs\gtd_c\x64\debug\camera.obj
c:\users\kevin\desktop\gtd_cs\gtd_c\x64\debug\gtd.ilk
c:\users\kevin\desktop\gtd_cs\gtd_c\x64\debug\gtd.exe
c:\users\kevin\desktop\gtd_cs\gtd_c\x64\debug\gtd.pdb
c:\users\kevin\desktop\gtd_cs\gtd_c\x64\debug\gtd.tlog\cl.command.1.tlog
c:\users\kevin\desktop\gtd_cs\gtd_c\x64\debug\gtd.tlog\cl.read.1.tlog
c:\users\kevin\desktop\gtd_cs\gtd_c\x64\debug\gtd.tlog\cl.write.1.tlog
c:\users\kevin\desktop\gtd_cs\gtd_c\x64\debug\gtd.tlog\link.command.1.tlog
c:\users\kevin\desktop\gtd_cs\gtd_c\x64\debug\gtd.tlog\link.read.1.tlog
c:\users\kevin\desktop\gtd_cs\gtd_c\x64\debug\gtd.tlog\link.write.1.tlog
